{"numTotalTestSuites":2,"numPassedTestSuites":0,"numFailedTestSuites":2,"numPendingTestSuites":0,"numTotalTests":32,"numPassedTests":30,"numFailedTests":2,"numPendingTests":0,"numTodoTests":0,"snapshot":{"added":0,"failure":false,"filesAdded":0,"filesRemoved":0,"filesRemovedList":[],"filesUnmatched":0,"filesUpdated":0,"matched":0,"total":0,"unchecked":0,"uncheckedKeysByFile":[],"unmatched":0,"updated":0,"didUpdate":false},"startTime":1777224034016,"success":false,"testResults":[{"assertionResults":[{"ancestorTitles":["App"],"fullName":"App renders the timeline-centric DAW shell","status":"passed","title":"renders the timeline-centric DAW shell","duration":401.076,"failureMessages":[],"meta":{}},{"ancestorTitles":["App"],"fullName":"App toggles the library panel from the sidebar button","status":"passed","title":"toggles the library panel from the sidebar button","duration":171.0951,"failureMessages":[],"meta":{}},{"ancestorTitles":["App"],"fullName":"App supports transport shortcuts from the keyboard","status":"passed","title":"supports transport shortcuts from the keyboard","duration":112.34040000000005,"failureMessages":[],"meta":{}},{"ancestorTitles":["App"],"fullName":"App keeps folder tracks integrated in the same timeline box","status":"passed","title":"keeps folder tracks integrated in the same timeline box","duration":75.78430000000026,"failureMessages":[],"meta":{}},{"ancestorTitles":["App"],"fullName":"App shows library assets and exposes the drag payload for timeline drops","status":"passed","title":"shows library assets and exposes the drag payload for timeline drops","duration":143.9656,"failureMessages":[],"meta":{}},{"ancestorTitles":["App"],"fullName":"App emits a multi-asset drag payload from the current library selection","status":"passed","title":"emits a multi-asset drag payload from the current library selection","duration":122.96030000000019,"failureMessages":[],"meta":{}},{"ancestorTitles":["App"],"fullName":"App drops a library asset onto a track lane and creates a new clip","status":"passed","title":"drops a library asset onto a track lane and creates a new clip","duration":171.01199999999972,"failureMessages":[],"meta":{}},{"ancestorTitles":["App"],"fullName":"App accepts library drags when the browser exposes only MIME types during hover","status":"passed","title":"accepts library drags when the browser exposes only MIME types during hover","duration":141.37000000000035,"failureMessages":[],"meta":{}},{"ancestorTitles":["App"],"fullName":"App accepts library drags when the runtime exposes only text/plain during hover","status":"passed","title":"accepts library drags when the runtime exposes only text/plain during hover","duration":157.3831,"failureMessages":[],"meta":{}},{"ancestorTitles":["App"],"fullName":"App accepts library drags when the runtime strips both payload and MIME types during hover","status":"passed","title":"accepts library drags when the runtime strips both payload and MIME types during hover","duration":158.57170000000042,"failureMessages":[],"meta":{}},{"ancestorTitles":["App"],"fullName":"App clears stale library clip ghosts after deleting a track","status":"passed","title":"clears stale library clip ghosts after deleting a track","duration":233.03560000000016,"failureMessages":[],"meta":{}},{"ancestorTitles":["App"],"fullName":"App drops multiple library assets with the vertical modifier and creates stacked tracks and clips","status":"passed","title":"drops multiple library assets with the vertical modifier and creates stacked tracks and clips","duration":76.62700000000041,"failureMessages":[],"meta":{}},{"ancestorTitles":["App"],"fullName":"App opens the global track-list context menu in an empty project and creates the first track","status":"passed","title":"opens the global track-list context menu in an empty project and creates the first track","duration":63.51100000000042,"failureMessages":[],"meta":{}},{"ancestorTitles":["App"],"fullName":"App clears the arrangement immediately after deleting the only track with a clip","status":"passed","title":"clears the arrangement immediately after deleting the only track with a clip","duration":91.58010000000013,"failureMessages":[],"meta":{}},{"ancestorTitles":["App"],"fullName":"App creates a marker from the ruler right-click context menu","status":"passed","title":"creates a marker from the ruler right-click context menu","duration":187.28070000000025,"failureMessages":[],"meta":{}},{"ancestorTitles":["App"],"fullName":"App opens the clip context menu and allows splitting at the cursor","status":"failed","title":"opens the clip context menu and allows splitting at the cursor","duration":183.7559999999994,"failureMessages":["TestingLibraryElementError: Unable to find an element with the text: 2 clips | pan 0.00. This could be because the text is broken up by multiple elements. In this case, you can provide a function for your text matcher to make your matcher more flexible.\n\nIgnored nodes: comments, script, style\n\u001b[36m<body>\u001b[39m\n  \u001b[36m<div>\u001b[39m\n    \u001b[36m<main\u001b[39m\n      \u001b[33mclass\u001b[39m=\u001b[32m\"lt-app-shell\"\u001b[39m\n    \u001b[36m>\u001b[39m\n      \u001b[36m<div\u001b[39m\n        \u001b[33mclass\u001b[39m=\u001b[32m\"lt-daw-shell\"\u001b[39m\n        \u001b[33mstyle\u001b[39m=\u001b[32m\"--lt-camera-x: 0px;\"\u001b[39m\n      \u001b[36m>\u001b[39m\n        \u001b[36m<header\u001b[39m\n          \u001b[33mclass\u001b[39m=\u001b[32m\"lt-topbar\"\u001b[39m\n        \u001b[36m>\u001b[39m\n          \u001b[36m<div\u001b[39m\n            \u001b[33mclass\u001b[39m=\u001b[32m\"lt-topbar-menu-row\"\u001b[39m\n          \u001b[36m>\u001b[39m\n            \u001b[36m<div\u001b[39m\n              \u001b[33mclass\u001b[39m=\u001b[32m\"lt-brand\"\u001b[39m\n            \u001b[36m>\u001b[39m\n              \u001b[36m<span\u001b[39m\n                \u001b[33mclass\u001b[39m=\u001b[32m\"lt-brand-title\"\u001b[39m\n              \u001b[36m>\u001b[39m\n                \u001b[0mLIBRETRACKS\u001b[0m\n              \u001b[36m</span>\u001b[39m\n            \u001b[36m</div>\u001b[39m\n            \u001b[36m<nav\u001b[39m\n              \u001b[33maria-label\u001b[39m=\u001b[32m\"Main menu\"\u001b[39m\n              \u001b[33mclass\u001b[39m=\u001b[32m\"lt-menu-bar\"\u001b[39m\n            \u001b[36m>\u001b[39m\n              \u001b[36m<div\u001b[39m\n                \u001b[33mclass\u001b[39m=\u001b[32m\"lt-top-menu \"\u001b[39m\n              \u001b[36m>\u001b[39m\n                \u001b[36m<button\u001b[39m\n                  \u001b[33maria-expanded\u001b[39m=\u001b[32m\"false\"\u001b[39m\n                  \u001b[33maria-haspopup\u001b[39m=\u001b[32m\"menu\"\u001b[39m\n                  \u001b[33mclass\u001b[39m=\u001b[32m\"lt-top-menu-trigger\"\u001b[39m\n                  \u001b[33mtype\u001b[39m=\u001b[32m\"button\"\u001b[39m\n                \u001b[36m>\u001b[39m\n                  \u001b[36m<span\u001b[39m\n                    \u001b[33mclass\u001b[39m=\u001b[32m\"lt-button-label\"\u001b[39m\n                  \u001b[36m>\u001b[39m\n                    \u001b[0mFile\u001b[0m\n                  \u001b[36m</span>\u001b[39m\n                  \u001b[36m<span\u001b[39m\n                    \u001b[33maria-hidden\u001b[39m=\u001b[32m\"true\"\u001b[39m\n                    \u001b[33mclass\u001b[39m=\u001b[32m\"material-symbols-outlined\"\u001b[39m\n                  \u001b[36m>\u001b[39m\n                    \u001b[0marrow_drop_down\u001b[0m\n                  \u001b[36m</span>\u001b[39m\n                \u001b[36m</button>\u001b[39m\n              \u001b[36m</div>\u001b[39m\n            \u001b[36m</nav>\u001b[39m\n          \u001b[36m</div>\u001b[39m\n          \u001b[36m<div\u001b[39m\n            \u001b[33mclass\u001b[39m=\u001b[32m\"lt-topbar-main-row\"\u001b[39m\n          \u001b[36m>\u001b[39m\n            \u001b[36m<div\u001b[39m\n              \u001b[33mclass\u001b[39m=\u001b[32m\"lt-transport\"\u001b[39m\n            \u001b[36m>\u001b[39m\n              \u001b[36m<label\u001b[39m\n                \u001b[33mclass\u001b[39m=\u001b[32m\"lt-bpm-control\"\u001b[39m\n              \u001b[36m>\u001b[39m\n                \u001b[36m<span>\u001b[39m\n                  \u001b[0mBPM\u001b[0m\n                \u001b[36m</span>\u001b[39m\n                \u001b[36m<input\u001b[39m\n                  \u001b[33maria-label\u001b[39m=\u001b[32m\"Song BPM\"\u001b[39m\n                  \u001b[33mmin\u001b[39m=\u001b[32m\"1\"\u001b[39m\n                  \u001b[33mstep\u001b[39m=\u001b[32m\"0.1\"\u001b[39m\n                  \u001b[33mtype\u001b[39m=\u001b[32m\"number\"\u001b[39m\n                  \u001b[33mvalue\u001b[39m=\u001b[32m\"120\"\u001b[39m\n                \u001b[36m/>\u001b[39m\n                \u001b[36m<small>\u001b[39m\n                  \u001b[0mTempo @ 00:00.000\u001b[0m\n                \u001b[36m</small>\u001b[39m\n              \u001b[36m</label>\u001b[39m\n              \u001b[36m<div\u001b[39m\n                \u001b[33mclass\u001b[39m=\u001b[32m\"lt-transport-buttons\"\u001b[39m\n              \u001b[36m>\u001b[39m\n                \u001b[36m<button\u001b[39m\n                  \u001b[33maria-label\u001b[39m=\u001b[32m\"Previous\"\u001b[39m\n                  \u001b[33mtype\u001b[39m=\u001b[32m\"button\"\u001b[39m\n                \u001b[36m>\u001b[39m\n                  \u001b[36m<span\u001b[39m\n                    \u001b[33mclass\u001b[39m=\u001b[32m\"material-symbols-outlined\"\u001b[39m\n                  \u001b[36m>\u001b[39m\n                    \u001b[0mskip_previous\u001b[0m\n                  \u001b[36m</span>\u001b[39m\n                \u001b[36m</button>\u001b[39m\n                \u001b[36m<button\u001b[39m\n                  \u001b[33maria-label\u001b[39m=\u001b[32m\"Stop\"\u001b[39m\n                  \u001b[33mtype\u001b[39m=\u001b[32m\"button\"\u001b[39m\n                \u001b[36m>\u001b[39m\n                  \u001b[36m<span\u001b[39m\n                    \u001b[33mclass\u001b[39m=\u001b[32m\"material-symbols-outlined\"\u001b[39m\n                  \u001b[36m>\u001b[39m\n                    \u001b[0mstop\u001b[0m\n                  \u001b[36m</span>\u001b[39m\n                \u001b[36m</button>\u001b[39m\n                \u001b[36m<button\u001b[39m\n                  \u001b[33maria-label\u001b[39m=\u001b[32m\"Play\"\u001b[39m\n                  \u001b[33mclass\u001b[39m=\u001b[32m\"is-play\"\u001b[39m\n                  \u001b[33mtype\u001b[39m=\u001b[32m\"button\"\u001b[39m\n                \u001b[36m>\u001b[39m\n                  \u001b[36m<span\u001b[39m\n                    \u001b[33mclass\u001b[39m=\u001b[32m\"material-symbols-outlined\"\u001b[39m\n                  \u001b[36m>\u001b[39m\n                    \u001b[0mplay_arrow\u001b[0m\n                  \u001b[36m</span>\u001b[39m\n                \u001b[36m</button>\u001b[39m\n                \u001b[36m<button\u001b[39m\n                  \u001b[33maria-label\u001b[39m=\u001b[32m\"Pause\"\u001b[39m\n                  \u001b[33mtype\u001b[39m=\u001b[32m\"button\"\u001b[39m\n                \u001b[36m>\u001b[39m\n                  \u001b[36m<span\u001b[39m\n                    \u001b[33mclass\u001b[39m=\u001b[32m\"material-symbols-outlined\"\u001b[39m\n                  \u001b[36m>\u001b[39m\n                    \u001b[0mpause\u001b[0m\n                  \u001b[36m</span>\u001b[39m\n                \u001b[36m</button>\u001b[39m\n                \u001b[36m<button\u001b[39m\n                  \u001b[33maria-label\u001b[39m=\u001b[32m\"Next\"\u001b[39m\n                  \u001b[33mtype\u001b[39m=\u001b[32m\"button\"\u001b[39m\n                \u001b[36m>\u001b[39m\n                  \u001b[36m<span\u001b[39m\n                    \u001b[33mclass\u001b[39m=\u001b[32m\"material-symbols-outlined\"\u001b[39m\n                  \u001b[36m>\u001b[39m\n                    \u001b[0mskip_next\u001b[0m\n                  \u001b[36m</span>\u001b[39m\n                \u001b[36m</button>\u001b[39m\n              \u001b[36m</div>\u001b[39m\n              \u001b[36m<div\u001b[39m\n                \u001b[33mclass\u001b[39m=\u001b[32m\"lt-transport-readout\"\u001b[39m\n              \u001b[36m>\u001b[39m\n                \u001b[36m<div\u001b[39m\n                  \u001b[33mclass\u001b[39m=\u001b[32m\"lt-readout-block\"\u001b[39m\n                \u001b[36m>\u001b[39m\n                  \u001b[36m<span>\u001b[39m\n                    \u001b[0mTempo\u001b[0m\n                  \u001b[36m</span>\u001b[39m\n                  \u001b[36m<strong>\u001b[39m\n                    \u001b[0m120.00 BPM\u001b[0m\n                  \u001b[36m</strong>\u001b[39m\n                \u001b[36m</div>\u001b[39m\n                \u001b[36m<div\u001b[39m\n                  \u001b[33mclass\u001b[39m=\u001b[32m\"lt-readout-block\"\u001b[39m\n                \u001b[36m>\u001b[39m\n                  \u001b[36m<span>\u001b[39m\n                    \u001b[0mBar\u001b[0m\n                  \u001b[36m</span>\u001b[39m\n                  \u001b[36m<strong>\u001b[39m\n                    \u001b[0m31.1.00\u001b[0m\n                  \u001b[36m</strong>\u001b[39m\n                \u001b[36m</div>\u001b[39m\n                \u001b[36m<div\u001b[39m\n                  \u001b[33mclass\u001b[39m=\u001b[32m\"lt-readout-block is-timecode\"\u001b[39m\n                \u001b[36m>\u001b[39m\n                  \u001b[36m<span>\u001b[39m\n                    \u001b[0mTimecode\u001b[0m\n                  \u001b[36m</span>\u001b[39m\n                  \u001b[36m<strong>\u001b[39m\n                    \u001b[0m01:00.000\u001b[0m\n                  \u001b[36m</strong>\u001b[39m\n                \u001b[36m</div>\u001b[39m\n                \u001b[36m<span\u001b[39m\n                  \u001b[33mclass\u001b[39m=\u001b[32m\"transport-pill is-stopped\"\u001b[39m\n                \u001b[36m>\u001b[39m\n                  \u001b[0mstopped\u001b[0m\n                \u001b[36m</span>\u001b[39m\n              \u001b[36m</div>\u001b[39m\n            \u001b[36m</div>\u001b[39m\n          \u001b[36m</div>\u001b[39m\n        \u001b[36m</header>\u001b[39m\n        \u001b[36m<div\u001b[39m\n          \u001b[33mclass\u001b[39m=\u001b[32m\"lt-shell-body\"\u001b[39m\n        \u001b[36m>\u001b[39m\n          \u001b[36m<aside\u001b[39m\n            \u001b[33maria-label\u001b[39m=\u001b[32m\"Main navigation\"\u001b[39m\n            \u001b[33mclass\u001b[39m=\u001b[32m\"lt-side-nav\"\u001b[39m\n          \u001b[36m>\u001b[39m\n            \u001b[36m<button\u001b[39m\n              \u001b...\n    at Object.getElementError (C:\\Repos\\LibreTracks\\apps\\desktop\\node_modules\\@testing-library\\dom\\dist\\config.js:37:19)\n    at C:\\Repos\\LibreTracks\\apps\\desktop\\node_modules\\@testing-library\\dom\\dist\\query-helpers.js:76:38\n    at C:\\Repos\\LibreTracks\\apps\\desktop\\node_modules\\@testing-library\\dom\\dist\\query-helpers.js:52:17\n    at C:\\Repos\\LibreTracks\\apps\\desktop\\node_modules\\@testing-library\\dom\\dist\\query-helpers.js:95:19\n    at C:\\Repos\\LibreTracks\\apps\\desktop\\src\\app\\App.test.tsx:872:19\n    at file:///C:/Repos/LibreTracks/apps/desktop/node_modules/@vitest/runner/dist/index.js:533:5\n    at runTest (file:///C:/Repos/LibreTracks/apps/desktop/node_modules/@vitest/runner/dist/index.js:1056:11)\n    at runSuite (file:///C:/Repos/LibreTracks/apps/desktop/node_modules/@vitest/runner/dist/index.js:1205:15)\n    at runSuite (file:///C:/Repos/LibreTracks/apps/desktop/node_modules/@vitest/runner/dist/index.js:1205:15)\n    at runFiles (file:///C:/Repos/LibreTracks/apps/desktop/node_modules/@vitest/runner/dist/index.js:1262:5)"],"meta":{}},{"ancestorTitles":["App"],"fullName":"App shows the marker context menu on right click","status":"passed","title":"shows the marker context menu on right click","duration":176.14969999999994,"failureMessages":[],"meta":{}},{"ancestorTitles":["App"],"fullName":"App triggers marker jump with digit keys and cancels with escape","status":"failed","title":"triggers marker jump with digit keys and cancels with escape","duration":1077.1956999999993,"failureMessages":["Error: Unable to find an element with the text: /Jump armed at the next marker to Verse\\./i. This could be because the text is broken up by multiple elements. In this case, you can provide a function for your text matcher to make your matcher more flexible.\n\nIgnored nodes: comments, script, style\n\u001b[36m<body>\u001b[39m\n  \u001b[36m<div>\u001b[39m\n    \u001b[36m<main\u001b[39m\n      \u001b[33mclass\u001b[39m=\u001b[32m\"lt-app-shell\"\u001b[39m\n    \u001b[36m>\u001b[39m\n      \u001b[36m<div\u001b[39m\n        \u001b[33mclass\u001b[39m=\u001b[32m\"lt-daw-shell\"\u001b[39m\n        \u001b[33mstyle\u001b[39m=\u001b[32m\"--lt-camera-x: 0px;\"\u001b[39m\n      \u001b[36m>\u001b[39m\n        \u001b[36m<header\u001b[39m\n          \u001b[33mclass\u001b[39m=\u001b[32m\"lt-topbar\"\u001b[39m\n        \u001b[36m>\u001b[39m\n          \u001b[36m<div\u001b[39m\n            \u001b[33mclass\u001b[39m=\u001b[32m\"lt-topbar-menu-row\"\u001b[39m\n          \u001b[36m>\u001b[39m\n            \u001b[36m<div\u001b[39m\n              \u001b[33mclass\u001b[39m=\u001b[32m\"lt-brand\"\u001b[39m\n            \u001b[36m>\u001b[39m\n              \u001b[36m<span\u001b[39m\n                \u001b[33mclass\u001b[39m=\u001b[32m\"lt-brand-title\"\u001b[39m\n              \u001b[36m>\u001b[39m\n                \u001b[0mLIBRETRACKS\u001b[0m\n              \u001b[36m</span>\u001b[39m\n            \u001b[36m</div>\u001b[39m\n            \u001b[36m<nav\u001b[39m\n              \u001b[33maria-label\u001b[39m=\u001b[32m\"Main menu\"\u001b[39m\n              \u001b[33mclass\u001b[39m=\u001b[32m\"lt-menu-bar\"\u001b[39m\n            \u001b[36m>\u001b[39m\n              \u001b[36m<div\u001b[39m\n                \u001b[33mclass\u001b[39m=\u001b[32m\"lt-top-menu \"\u001b[39m\n              \u001b[36m>\u001b[39m\n                \u001b[36m<button\u001b[39m\n                  \u001b[33maria-expanded\u001b[39m=\u001b[32m\"false\"\u001b[39m\n                  \u001b[33maria-haspopup\u001b[39m=\u001b[32m\"menu\"\u001b[39m\n                  \u001b[33mclass\u001b[39m=\u001b[32m\"lt-top-menu-trigger\"\u001b[39m\n                  \u001b[33mtype\u001b[39m=\u001b[32m\"button\"\u001b[39m\n                \u001b[36m>\u001b[39m\n                  \u001b[36m<span\u001b[39m\n                    \u001b[33mclass\u001b[39m=\u001b[32m\"lt-button-label\"\u001b[39m\n                  \u001b[36m>\u001b[39m\n                    \u001b[0mFile\u001b[0m\n                  \u001b[36m</span>\u001b[39m\n                  \u001b[36m<span\u001b[39m\n                    \u001b[33maria-hidden\u001b[39m=\u001b[32m\"true\"\u001b[39m\n                    \u001b[33mclass\u001b[39m=\u001b[32m\"material-symbols-outlined\"\u001b[39m\n                  \u001b[36m>\u001b[39m\n                    \u001b[0marrow_drop_down\u001b[0m\n                  \u001b[36m</span>\u001b[39m\n                \u001b[36m</button>\u001b[39m\n              \u001b[36m</div>\u001b[39m\n            \u001b[36m</nav>\u001b[39m\n          \u001b[36m</div>\u001b[39m\n          \u001b[36m<div\u001b[39m\n            \u001b[33mclass\u001b[39m=\u001b[32m\"lt-topbar-main-row\"\u001b[39m\n          \u001b[36m>\u001b[39m\n            \u001b[36m<div\u001b[39m\n              \u001b[33mclass\u001b[39m=\u001b[32m\"lt-transport\"\u001b[39m\n            \u001b[36m>\u001b[39m\n              \u001b[36m<label\u001b[39m\n                \u001b[33mclass\u001b[39m=\u001b[32m\"lt-bpm-control\"\u001b[39m\n              \u001b[36m>\u001b[39m\n                \u001b[36m<span>\u001b[39m\n                  \u001b[0mBPM\u001b[0m\n                \u001b[36m</span>\u001b[39m\n                \u001b[36m<input\u001b[39m\n                  \u001b[33maria-label\u001b[39m=\u001b[32m\"Song BPM\"\u001b[39m\n                  \u001b[33mmin\u001b[39m=\u001b[32m\"1\"\u001b[39m\n                  \u001b[33mstep\u001b[39m=\u001b[32m\"0.1\"\u001b[39m\n                  \u001b[33mtype\u001b[39m=\u001b[32m\"number\"\u001b[39m\n                  \u001b[33mvalue\u001b[39m=\u001b[32m\"120\"\u001b[39m\n                \u001b[36m/>\u001b[39m\n                \u001b[36m<small>\u001b[39m\n                  \u001b[0mTempo @ 00:00.000\u001b[0m\n                \u001b[36m</small>\u001b[39m\n              \u001b[36m</label>\u001b[39m\n              \u001b[36m<div\u001b[39m\n                \u001b[33mclass\u001b[39m=\u001b[32m\"lt-transport-buttons\"\u001b[39m\n              \u001b[36m>\u001b[39m\n                \u001b[36m<button\u001b[39m\n                  \u001b[33maria-label\u001b[39m=\u001b[32m\"Previous\"\u001b[39m\n                  \u001b[33mtype\u001b[39m=\u001b[32m\"button\"\u001b[39m\n                \u001b[36m>\u001b[39m\n                  \u001b[36m<span\u001b[39m\n                    \u001b[33mclass\u001b[39m=\u001b[32m\"material-symbols-outlined\"\u001b[39m\n                  \u001b[36m>\u001b[39m\n                    \u001b[0mskip_previous\u001b[0m\n                  \u001b[36m</span>\u001b[39m\n                \u001b[36m</button>\u001b[39m\n                \u001b[36m<button\u001b[39m\n                  \u001b[33maria-label\u001b[39m=\u001b[32m\"Stop\"\u001b[39m\n                  \u001b[33mtype\u001b[39m=\u001b[32m\"button\"\u001b[39m\n                \u001b[36m>\u001b[39m\n                  \u001b[36m<span\u001b[39m\n                    \u001b[33mclass\u001b[39m=\u001b[32m\"material-symbols-outlined\"\u001b[39m\n                  \u001b[36m>\u001b[39m\n                    \u001b[0mstop\u001b[0m\n                  \u001b[36m</span>\u001b[39m\n                \u001b[36m</button>\u001b[39m\n                \u001b[36m<button\u001b[39m\n                  \u001b[33maria-label\u001b[39m=\u001b[32m\"Play\"\u001b[39m\n                  \u001b[33mclass\u001b[39m=\u001b[32m\"is-play\"\u001b[39m\n                  \u001b[33mtype\u001b[39m=\u001b[32m\"button\"\u001b[39m\n                \u001b[36m>\u001b[39m\n                  \u001b[36m<span\u001b[39m\n                    \u001b[33mclass\u001b[39m=\u001b[32m\"material-symbols-outlined\"\u001b[39m\n                  \u001b[36m>\u001b[39m\n                    \u001b[0mplay_arrow\u001b[0m\n                  \u001b[36m</span>\u001b[39m\n                \u001b[36m</button>\u001b[39m\n                \u001b[36m<button\u001b[39m\n                  \u001b[33maria-label\u001b[39m=\u001b[32m\"Pause\"\u001b[39m\n                  \u001b[33mtype\u001b[39m=\u001b[32m\"button\"\u001b[39m\n                \u001b[36m>\u001b[39m\n                  \u001b[36m<span\u001b[39m\n                    \u001b[33mclass\u001b[39m=\u001b[32m\"material-symbols-outlined\"\u001b[39m\n                  \u001b[36m>\u001b[39m\n                    \u001b[0mpause\u001b[0m\n                  \u001b[36m</span>\u001b[39m\n                \u001b[36m</button>\u001b[39m\n                \u001b[36m<button\u001b[39m\n                  \u001b[33maria-label\u001b[39m=\u001b[32m\"Next\"\u001b[39m\n                  \u001b[33mtype\u001b[39m=\u001b[32m\"button\"\u001b[39m\n                \u001b[36m>\u001b[39m\n                  \u001b[36m<span\u001b[39m\n                    \u001b[33mclass\u001b[39m=\u001b[32m\"material-symbols-outlined\"\u001b[39m\n                  \u001b[36m>\u001b[39m\n                    \u001b[0mskip_next\u001b[0m\n                  \u001b[36m</span>\u001b[39m\n                \u001b[36m</button>\u001b[39m\n              \u001b[36m</div>\u001b[39m\n              \u001b[36m<div\u001b[39m\n                \u001b[33mclass\u001b[39m=\u001b[32m\"lt-transport-readout\"\u001b[39m\n              \u001b[36m>\u001b[39m\n                \u001b[36m<div\u001b[39m\n                  \u001b[33mclass\u001b[39m=\u001b[32m\"lt-readout-block\"\u001b[39m\n                \u001b[36m>\u001b[39m\n                  \u001b[36m<span>\u001b[39m\n                    \u001b[0mTempo\u001b[0m\n                  \u001b[36m</span>\u001b[39m\n                  \u001b[36m<strong>\u001b[39m\n                    \u001b[0m120.00 BPM\u001b[0m\n                  \u001b[36m</strong>\u001b[39m\n                \u001b[36m</div>\u001b[39m\n                \u001b[36m<div\u001b[39m\n                  \u001b[33mclass\u001b[39m=\u001b[32m\"lt-readout-block\"\u001b[39m\n                \u001b[36m>\u001b[39m\n                  \u001b[36m<span>\u001b[39m\n                    \u001b[0mBar\u001b[0m\n                  \u001b[36m</span>\u001b[39m\n                  \u001b[36m<strong>\u001b[39m\n                    \u001b[0m1.1.00\u001b[0m\n                  \u001b[36m</strong>\u001b[39m\n                \u001b[36m</div>\u001b[39m\n                \u001b[36m<div\u001b[39m\n                  \u001b[33mclass\u001b[39m=\u001b[32m\"lt-readout-block is-timecode\"\u001b[39m\n                \u001b[36m>\u001b[39m\n                  \u001b[36m<span>\u001b[39m\n                    \u001b[0mTimecode\u001b[0m\n                  \u001b[36m</span>\u001b[39m\n                  \u001b[36m<strong>\u001b[39m\n                    \u001b[0m00:00.000\u001b[0m\n                  \u001b[36m</strong>\u001b[39m\n                \u001b[36m</div>\u001b[39m\n                \u001b[36m<span\u001b[39m\n                  \u001b[33mclass\u001b[39m=\u001b[32m\"transport-pill is-stopped\"\u001b[39m\n                \u001b[36m>\u001b[39m\n                  \u001b[0mstopped\u001b[0m\n                \u001b[36m</span>\u001b[39m\n              \u001b[36m</div>\u001b[39m\n            \u001b[36m</div>\u001b[39m\n          \u001b[36m</div>\u001b[39m\n        \u001b[36m</header>\u001b[39m\n        \u001b[36m<div\u001b[39m\n          \u001b[33mclass\u001b[39m=\u001b[32m\"lt-shell-body\"\u001b[39m\n        \u001b[36m>\u001b[39m\n          \u001b[36m<aside\u001b[39m\n            \u001b[33maria-label\u001b[39m=\u001b[32m\"Main navigation\"\u001b[39m\n            \u001b[33mclass\u001b[39m=\u001b[32m\"lt-side-nav\"\u001b[39m\n          \u001b[36m>\u001b[39m\n            \u001b[36m<button\u001b[39m\n              \u001b[...\n    at waitForWrapper (C:\\Repos\\LibreTracks\\apps\\desktop\\node_modules\\@testing-library\\dom\\dist\\wait-for.js:163:27)\n    at C:\\Repos\\LibreTracks\\apps\\desktop\\node_modules\\@testing-library\\dom\\dist\\query-helpers.js:86:33\n    at C:\\Repos\\LibreTracks\\apps\\desktop\\src\\app\\App.test.tsx:903:25\n    at file:///C:/Repos/LibreTracks/apps/desktop/node_modules/@vitest/runner/dist/index.js:533:5\n    at runTest (file:///C:/Repos/LibreTracks/apps/desktop/node_modules/@vitest/runner/dist/index.js:1056:11)\n    at runSuite (file:///C:/Repos/LibreTracks/apps/desktop/node_modules/@vitest/runner/dist/index.js:1205:15)\n    at runSuite (file:///C:/Repos/LibreTracks/apps/desktop/node_modules/@vitest/runner/dist/index.js:1205:15)\n    at runFiles (file:///C:/Repos/LibreTracks/apps/desktop/node_modules/@vitest/runner/dist/index.js:1262:5)\n    at startTests (file:///C:/Repos/LibreTracks/apps/desktop/node_modules/@vitest/runner/dist/index.js:1271:3)\n    at file:///C:/Repos/LibreTracks/apps/desktop/node_modules/vitest/dist/chunks/runBaseTests.3qpJUEJM.js:126:11"],"meta":{}},{"ancestorTitles":["App"],"fullName":"App maps numpad 0 to the first marker","status":"passed","title":"maps numpad 0 to the first marker","duration":66.10819999999967,"failureMessages":[],"meta":{}},{"ancestorTitles":["App"],"fullName":"App overwrites the armed marker on click and cancels when clicked again","status":"passed","title":"overwrites the armed marker on click and cancels when clicked again","duration":188.8687,"failureMessages":[],"meta":{}},{"ancestorTitles":["App"],"fullName":"App warns when next marker jump is ignored because there are no markers ahead","status":"passed","title":"warns when next marker jump is ignored because there are no markers ahead","duration":155.84500000000025,"failureMessages":[],"meta":{}},{"ancestorTitles":["App"],"fullName":"App pans the timeline by dragging over an empty lane","status":"passed","title":"pans the timeline by dragging over an empty lane","duration":44.483400000000074,"failureMessages":[],"meta":{}},{"ancestorTitles":["App"],"fullName":"App collapses folder children locally in the UI","status":"passed","title":"collapses folder children locally in the UI","duration":158.80639999999948,"failureMessages":[],"meta":{}},{"ancestorTitles":["App"],"fullName":"App zooms the timeline with the wheel and exposes a native horizontal scrollbar","status":"passed","title":"zooms the timeline with the wheel and exposes a native horizontal scrollbar","duration":79.94480000000021,"failureMessages":[],"meta":{}},{"ancestorTitles":["App"],"fullName":"App zooms when the wheel is used over the painted timeline canvas","status":"passed","title":"zooms when the wheel is used over the painted timeline canvas","duration":44.943999999999505,"failureMessages":[],"meta":{}},{"ancestorTitles":["App"],"fullName":"App zooms when the wheel is used over the track list surface","status":"passed","title":"zooms when the wheel is used over the track list surface","duration":53.81750000000011,"failureMessages":[],"meta":{}},{"ancestorTitles":["App"],"fullName":"App registers non-passive native wheel listeners on timeline interaction surfaces","status":"passed","title":"registers non-passive native wheel listeners on timeline interaction surfaces","duration":28.141499999999724,"failureMessages":[],"meta":{}},{"ancestorTitles":["App"],"fullName":"App resizes track rows with ctrl plus wheel anywhere on the timeline shell","status":"passed","title":"resizes track rows with ctrl plus wheel anywhere on the timeline shell","duration":35.673899999999776,"failureMessages":[],"meta":{}},{"ancestorTitles":["App"],"fullName":"App resizes track rows with ctrl plus wheel over the native timeline lane surface","status":"passed","title":"resizes track rows with ctrl plus wheel over the native timeline lane surface","duration":34.368099999999686,"failureMessages":[],"meta":{}},{"ancestorTitles":["App"],"fullName":"App creates a new audio track from the track context menu","status":"passed","title":"creates a new audio track from the track context menu","duration":175.21950000000015,"failureMessages":[],"meta":{}},{"ancestorTitles":["App"],"fullName":"App reorders tracks vertically from the header drag handle","status":"passed","title":"reorders tracks vertically from the header drag handle","duration":92.48720000000048,"failureMessages":[],"meta":{}},{"ancestorTitles":["App"],"fullName":"App allows dragging a track into a folder track","status":"passed","title":"allows dragging a track into a folder track","duration":93.72800000000007,"failureMessages":[],"meta":{}}],"startTime":1777224036573,"endTime":1777224041571.728,"status":"failed","message":"","name":"C:/Repos/LibreTracks/apps/desktop/src/app/App.test.tsx"}]}